<?xml version="1.0" encoding="UTF-8"?>
<testng-results skipped="0" failed="0" ignored="0" total="1" passed="1">
  <reporter-output>
  </reporter-output>
  <suite name="Default suite" duration-ms="79" started-at="2022-03-13T06:33:09Z" finished-at="2022-03-13T06:33:10Z">
    <groups>
    </groups>
    <test name="Default test" duration-ms="79" started-at="2022-03-13T06:33:09Z" finished-at="2022-03-13T06:33:10Z">
      <class name="sSDETGittt.Demogit">
        <test-method status="PASS" signature="demo()[pri:0, instance:sSDETGittt.Demogit@5034c75a]" name="demo" duration-ms="14" started-at="2022-03-13T06:33:09Z" finished-at="2022-03-13T06:33:10Z">
          <reporter-output>
          </reporter-output>
        </test-method> <!-- demo -->
      </class> <!-- sSDETGittt.Demogit -->
    </test> <!-- Default test -->
  </suite> <!-- Default suite -->
</testng-results>
